<?xml version="1.0" encoding="UTF-8"?><testsuite errors="0" failures="1" name="Yo como usuario final deseo registrarme en uTest" skipped="0" tests="1" time="56.15" timestamp="2021-01-13 03:02:45"><testcase name="Registrar usuario"><failure message="org.openqa.selenium.NoSuchElementException: no such element: Unable to locate element: {&quot;method&quot;:&quot;xpath&quot;,&quot;selector&quot;:&quot;//h1[contains(text(),&quot;Welcome to the world's largest community&quot;)]&quot;}&#10;  (Session info: chrome=87.0.4280.141)&#10;For documentation on this error, please visit: https://www.seleniumhq.org/exceptions/no_such_element.html&#10;Build info: version: '3.141.59', revision: 'e82be7d358', time: '2018-11-14T08:17:03'&#10;System info: host: 'ALVARO', ip: '169.254.222.88', os.name: 'Windows 8.1', os.arch: 'amd64', os.version: '6.3', java.version: '15.0.1'&#10;Driver info: org.openqa.selenium.chrome.ChromeDriver&#10;Capabilities {acceptInsecureCerts: false, browserName: chrome, browserVersion: 87.0.4280.141, chrome: {chromedriverVersion: 87.0.4280.88 (89e2380a3e36c..., userDataDir: C:\Users\cristian\AppData\L...}, goog:chromeOptions: {debuggerAddress: localhost:55675}, javascriptEnabled: true, networkConnectionEnabled: false, pageLoadStrategy: normal, platform: WINDOWS, platformName: WINDOWS, proxy: Proxy(), setWindowRect: true, strictFileInteractability: false, timeouts: {implicit: 0, pageLoad: 300000, script: 30000}, unhandledPromptBehavior: dismiss and notify, webauthn:virtualAuthenticators: true}&#10;Session ID: 3dd72b36661ed90379f8631c9c9bc5f9&#10;*** Element info: {Using=xpath, value=//h1[contains(text(),&quot;Welcome to the world's largest community&quot;)]}" type="java.lang.AssertionError">org.openqa.selenium.NoSuchElementException: no such element: Unable to locate element: {"method":"xpath","selector":"//h1[contains(text(),"Welcome to the world's largest community")]"}
  (Session info: chrome=87.0.4280.141)
For documentation on this error, please visit: https://www.seleniumhq.org/exceptions/no_such_element.html
Build info: version: '3.141.59', revision: 'e82be7d358', time: '2018-11-14T08:17:03'
System info: host: 'ALVARO', ip: '169.254.222.88', os.name: 'Windows 8.1', os.arch: 'amd64', os.version: '6.3', java.version: '15.0.1'
Driver info: org.openqa.selenium.chrome.ChromeDriver
Capabilities {acceptInsecureCerts: false, browserName: chrome, browserVersion: 87.0.4280.141, chrome: {chromedriverVersion: 87.0.4280.88 (89e2380a3e36c..., userDataDir: C:\Users\cristian\AppData\L...}, goog:chromeOptions: {debuggerAddress: localhost:55675}, javascriptEnabled: true, networkConnectionEnabled: false, pageLoadStrategy: normal, platform: WINDOWS, platformName: WINDOWS, proxy: Proxy(), setWindowRect: true, strictFileInteractability: false, timeouts: {implicit: 0, pageLoad: 300000, script: 30000}, unhandledPromptBehavior: dismiss and notify, webauthn:virtualAuthenticators: true}
Session ID: 3dd72b36661ed90379f8631c9c9bc5f9
*** Element info: {Using=xpath, value=//h1[contains(text(),"Welcome to the world's largest community")]}</failure><system-err>org.openqa.selenium.NoSuchElementException: no such element: Unable to locate element: {"method":"xpath","selector":"//h1[contains(text(),"Welcome to the world's largest community")]"}
  (Session info: chrome=87.0.4280.141)
For documentation on this error, please visit: https://www.seleniumhq.org/exceptions/no_such_element.html
Build info: version: '3.141.59', revision: 'e82be7d358', time: '2018-11-14T08:17:03'
System info: host: 'ALVARO', ip: '169.254.222.88', os.name: 'Windows 8.1', os.arch: 'amd64', os.version: '6.3', java.version: '15.0.1'
Driver info: org.openqa.selenium.chrome.ChromeDriver
Capabilities {acceptInsecureCerts: false, browserName: chrome, browserVersion: 87.0.4280.141, chrome: {chromedriverVersion: 87.0.4280.88 (89e2380a3e36c..., userDataDir: C:\Users\cristian\AppData\L...}, goog:chromeOptions: {debuggerAddress: localhost:55675}, javascriptEnabled: true, networkConnectionEnabled: false, pageLoadStrategy: normal, platform: WINDOWS, platformName: WINDOWS, proxy: Proxy(), setWindowRect: true, strictFileInteractability: false, timeouts: {implicit: 0, pageLoad: 300000, script: 30000}, unhandledPromptBehavior: dismiss and notify, webauthn:virtualAuthenticators: true}
Session ID: 3dd72b36661ed90379f8631c9c9bc5f9
*** Element info: {Using=xpath, value=//h1[contains(text(),"Welcome to the world's largest community")]}&#13;
definitions.RegistrarUsuarioDefinition.elUsuarioFinalDebeVisualizarElMensajeWelcomeToTheWorldSLargestCommunity(RegistrarUsuarioDefinition.java:41)&#13;
✽.el usuario final debe visualizar el mensaje Welcome to the world's largest community(src/test/resources/features/registrar_usuario.feature:11)&#13;
</system-err></testcase></testsuite>